This file contains any messages produced by compilers while
running configure, to aid debugging if configure makes a mistake.

It was created by configure, which was
generated by GNU Autoconf 2.69.  Invocation command line was

  $ ./configure --prefix=/usr/core/dfb-test CFLAGS=-I/usr/core/zlib/include LDFLAGS=-L/usr/core/zlib/lib -lm -lz

## --------- ##
## Platform. ##
## --------- ##

hostname = my-linux
uname -m = i686
uname -r = 3.0.0-12-generic
uname -s = Linux
uname -v = #20-Ubuntu SMP Fri Oct 7 14:50:42 UTC 2011

/usr/bin/uname -p = unknown
/bin/uname -X     = unknown

/bin/arch              = unknown
/usr/bin/arch -k       = unknown
/usr/convex/getsysinfo = unknown
/usr/bin/hostinfo      = unknown
/bin/machine           = unknown
/usr/bin/oslevel       = unknown
/bin/universe          = unknown

PATH: /usr/lib/lightdm/lightdm
PATH: /usr/local/sbin
PATH: /usr/local/bin
PATH: /usr/sbin
PATH: /usr/bin
PATH: /sbin
PATH: /bin
PATH: /usr/games


## ----------- ##
## Core tests. ##
## ----------- ##

configure:2163: checking for a BSD-compatible install
configure:2231: result: /usr/bin/install -c
configure:2242: checking whether build environment is sane
configure:2292: result: yes
configure:2433: checking for a thread-safe mkdir -p
configure:2472: result: /bin/mkdir -p
configure:2485: checking for gawk
configure:2515: result: no
configure:2485: checking for mawk
configure:2501: found /usr/bin/mawk
configure:2512: result: mawk
configure:2523: checking whether make sets $(MAKE)
configure:2545: result: yes
configure:2643: checking whether make supports nested variables
configure:2660: result: yes
configure:2673: checking whether to enable maintainer-specific portions of Makefiles
configure:2682: result: no
configure:2702: checking build system type
configure:2716: result: i686-pc-linux-gnu
configure:2736: checking host system type
configure:2749: result: i686-pc-linux-gnu
configure:2818: checking for gcc
configure:2834: found /usr/bin/gcc
configure:2845: result: gcc
configure:3074: checking for C compiler version
configure:3083: gcc --version >&5
gcc (Ubuntu/Linaro 4.6.3-1ubuntu5) 4.6.3
Copyright (C) 2011 Free Software Foundation, Inc.
This is free software; see the source for copying conditions.  There is NO
warranty; not even for MERCHANTABILITY or FITNESS FOR A PARTICULAR PURPOSE.

configure:3094: $? = 0
configure:3083: gcc -v >&5
Using built-in specs.
COLLECT_GCC=gcc
COLLECT_LTO_WRAPPER=/usr/lib/gcc/i686-linux-gnu/4.6/lto-wrapper
Target: i686-linux-gnu
Configured with: ../src/configure -v --with-pkgversion='Ubuntu/Linaro 4.6.3-1ubuntu5' --with-bugurl=file:///usr/share/doc/gcc-4.6/README.Bugs --enable-languages=c,c++,fortran,objc,obj-c++ --prefix=/usr --program-suffix=-4.6 --enable-shared --enable-linker-build-id --with-system-zlib --libexecdir=/usr/lib --without-included-gettext --enable-threads=posix --with-gxx-include-dir=/usr/include/c++/4.6 --libdir=/usr/lib --enable-nls --with-sysroot=/ --enable-clocale=gnu --enable-libstdcxx-debug --enable-libstdcxx-time=yes --enable-gnu-unique-object --enable-plugin --enable-objc-gc --enable-targets=all --disable-werror --with-arch-32=i686 --with-tune=generic --enable-checking=release --build=i686-linux-gnu --host=i686-linux-gnu --target=i686-linux-gnu
Thread model: posix
gcc version 4.6.3 (Ubuntu/Linaro 4.6.3-1ubuntu5) 
configure:3094: $? = 0
configure:3083: gcc -V >&5
gcc: error: unrecognized option '-V'
gcc: fatal error: no input files
compilation terminated.
configure:3094: $? = 4
configure:3083: gcc -qversion >&5
gcc: error: unrecognized option '-qversion'
gcc: fatal error: no input files
compilation terminated.
configure:3094: $? = 4
configure:3114: checking whether the C compiler works
configure:3136: gcc -I/usr/core/zlib/include  -L/usr/core/zlib/lib -lm -lz conftest.c  >&5
configure:3140: $? = 0
configure:3188: result: yes
configure:3191: checking for C compiler default output file name
configure:3193: result: a.out
configure:3199: checking for suffix of executables
configure:3206: gcc -o conftest -I/usr/core/zlib/include  -L/usr/core/zlib/lib -lm -lz conftest.c  >&5
configure:3210: $? = 0
configure:3232: result: 
configure:3254: checking whether we are cross compiling
configure:3262: gcc -o conftest -I/usr/core/zlib/include  -L/usr/core/zlib/lib -lm -lz conftest.c  >&5
configure:3266: $? = 0
configure:3273: ./conftest
configure:3277: $? = 0
configure:3292: result: no
configure:3297: checking for suffix of object files
configure:3319: gcc -c -I/usr/core/zlib/include  conftest.c >&5
configure:3323: $? = 0
configure:3344: result: o
configure:3348: checking whether we are using the GNU C compiler
configure:3367: gcc -c -I/usr/core/zlib/include  conftest.c >&5
configure:3367: $? = 0
configure:3376: result: yes
configure:3385: checking whether gcc accepts -g
configure:3405: gcc -c -g  conftest.c >&5
configure:3405: $? = 0
configure:3446: result: yes
configure:3463: checking for gcc option to accept ISO C89
configure:3526: gcc  -c -I/usr/core/zlib/include  conftest.c >&5
configure:3526: $? = 0
configure:3539: result: none needed
configure:3570: checking for style of include used by make
configure:3598: result: GNU
configure:3624: checking dependency style of gcc
configure:3735: result: gcc3
configure:3768: checking how to run the C preprocessor
configure:3799: gcc -E  conftest.c
configure:3799: $? = 0
configure:3813: gcc -E  conftest.c
conftest.c:11:28: fatal error: ac_nonexistent.h: No such file or directory
compilation terminated.
configure:3813: $? = 1
configure: failed program was:
| /* confdefs.h */
| #define PACKAGE_NAME ""
| #define PACKAGE_TARNAME ""
| #define PACKAGE_VERSION ""
| #define PACKAGE_STRING ""
| #define PACKAGE_BUGREPORT ""
| #define PACKAGE_URL ""
| #define PACKAGE "DirectFB-examples"
| #define VERSION "1.7.0"
| /* end confdefs.h.  */
| #include <ac_nonexistent.h>
configure:3838: result: gcc -E
configure:3858: gcc -E  conftest.c
configure:3858: $? = 0
configure:3872: gcc -E  conftest.c
conftest.c:11:28: fatal error: ac_nonexistent.h: No such file or directory
compilation terminated.
configure:3872: $? = 1
configure: failed program was:
| /* confdefs.h */
| #define PACKAGE_NAME ""
| #define PACKAGE_TARNAME ""
| #define PACKAGE_VERSION ""
| #define PACKAGE_STRING ""
| #define PACKAGE_BUGREPORT ""
| #define PACKAGE_URL ""
| #define PACKAGE "DirectFB-examples"
| #define VERSION "1.7.0"
| /* end confdefs.h.  */
| #include <ac_nonexistent.h>
configure:3901: checking for grep that handles long lines and -e
configure:3959: result: /bin/grep
configure:3964: checking for egrep
configure:4026: result: /bin/grep -E
configure:4031: checking for ANSI C header files
configure:4051: gcc -c -Wall -O3 -pipe -I/usr/core/zlib/include  conftest.c >&5
configure:4051: $? = 0
configure:4124: gcc -o conftest -Wall -O3 -pipe -I/usr/core/zlib/include  -L/usr/core/zlib/lib -lm -lz conftest.c  >&5
configure:4124: $? = 0
configure:4124: ./conftest
configure:4124: $? = 0
configure:4135: result: yes
configure:4148: checking for sys/types.h
configure:4148: gcc -c -Wall -O3 -pipe -I/usr/core/zlib/include  conftest.c >&5
configure:4148: $? = 0
configure:4148: result: yes
configure:4148: checking for sys/stat.h
configure:4148: gcc -c -Wall -O3 -pipe -I/usr/core/zlib/include  conftest.c >&5
configure:4148: $? = 0
configure:4148: result: yes
configure:4148: checking for stdlib.h
configure:4148: gcc -c -Wall -O3 -pipe -I/usr/core/zlib/include  conftest.c >&5
configure:4148: $? = 0
configure:4148: result: yes
configure:4148: checking for string.h
configure:4148: gcc -c -Wall -O3 -pipe -I/usr/core/zlib/include  conftest.c >&5
configure:4148: $? = 0
configure:4148: result: yes
configure:4148: checking for memory.h
configure:4148: gcc -c -Wall -O3 -pipe -I/usr/core/zlib/include  conftest.c >&5
configure:4148: $? = 0
configure:4148: result: yes
configure:4148: checking for strings.h
configure:4148: gcc -c -Wall -O3 -pipe -I/usr/core/zlib/include  conftest.c >&5
configure:4148: $? = 0
configure:4148: result: yes
configure:4148: checking for inttypes.h
configure:4148: gcc -c -Wall -O3 -pipe -I/usr/core/zlib/include  conftest.c >&5
configure:4148: $? = 0
configure:4148: result: yes
configure:4148: checking for stdint.h
configure:4148: gcc -c -Wall -O3 -pipe -I/usr/core/zlib/include  conftest.c >&5
configure:4148: $? = 0
configure:4148: result: yes
configure:4148: checking for unistd.h
configure:4148: gcc -c -Wall -O3 -pipe -I/usr/core/zlib/include  conftest.c >&5
configure:4148: $? = 0
configure:4148: result: yes
configure:4162: checking stdbool.h usability
configure:4162: gcc -c -Wall -O3 -pipe -I/usr/core/zlib/include  conftest.c >&5
configure:4162: $? = 0
configure:4162: result: yes
configure:4162: checking stdbool.h presence
configure:4162: gcc -E  conftest.c
configure:4162: $? = 0
configure:4162: result: yes
configure:4162: checking for stdbool.h
configure:4162: result: yes
configure:4176: checking for gzsetparams in -lz
configure:4201: gcc -o conftest -Wall -O3 -pipe -I/usr/core/zlib/include  -L/usr/core/zlib/lib -lm -lz conftest.c -lz   >&5
configure:4201: $? = 0
configure:4210: result: yes
configure:4214: checking zlib.h usability
configure:4214: gcc -c -Wall -O3 -pipe -I/usr/core/zlib/include  conftest.c >&5
configure:4214: $? = 0
configure:4214: result: yes
configure:4214: checking zlib.h presence
configure:4214: gcc -E  conftest.c
conftest.c:22:18: fatal error: zlib.h: No such file or directory
compilation terminated.
configure:4214: $? = 1
configure: failed program was:
| /* confdefs.h */
| #define PACKAGE_NAME ""
| #define PACKAGE_TARNAME ""
| #define PACKAGE_VERSION ""
| #define PACKAGE_STRING ""
| #define PACKAGE_BUGREPORT ""
| #define PACKAGE_URL ""
| #define PACKAGE "DirectFB-examples"
| #define VERSION "1.7.0"
| #define STDC_HEADERS 1
| #define HAVE_SYS_TYPES_H 1
| #define HAVE_SYS_STAT_H 1
| #define HAVE_STDLIB_H 1
| #define HAVE_STRING_H 1
| #define HAVE_MEMORY_H 1
| #define HAVE_STRINGS_H 1
| #define HAVE_INTTYPES_H 1
| #define HAVE_STDINT_H 1
| #define HAVE_UNISTD_H 1
| #define HAVE_STDBOOL_H 1
| /* end confdefs.h.  */
| #include <zlib.h>
configure:4214: result: no
configure:4214: WARNING: zlib.h: accepted by the compiler, rejected by the preprocessor!
configure:4214: WARNING: zlib.h: proceeding with the compiler's result
configure:4214: checking for zlib.h
configure:4214: result: yes
configure:4302: checking for pkg-config
configure:4320: found /usr/bin/pkg-config
configure:4332: result: /usr/bin/pkg-config
configure:4357: checking pkg-config is at least version 0.9.0
configure:4360: result: yes
configure:4370: checking for DIRECTFB
configure:4377: $PKG_CONFIG --exists --print-errors "directfb >= $DIRECTFB_REQUIRED_VERSION"
configure:4380: $? = 0
configure:4394: $PKG_CONFIG --exists --print-errors "directfb >= $DIRECTFB_REQUIRED_VERSION"
configure:4397: $? = 0
configure:4439: result: yes
configure:4453: checking for DirectFB >= 1.5.3
configure:4457: result: found
configure:4474: checking for DirectFB >= 1.6.0
configure:4478: result: found
configure:4676: creating ./config.status

## ---------------------- ##
## Running config.status. ##
## ---------------------- ##

This file was extended by config.status, which was
generated by GNU Autoconf 2.69.  Invocation command line was

  CONFIG_FILES    = 
  CONFIG_HEADERS  = 
  CONFIG_LINKS    = 
  CONFIG_COMMANDS = 
  $ ./config.status 

on my-linux

config.status:806: creating Makefile
config.status:806: creating data/Makefile
config.status:806: creating data/df_neo/Makefile
config.status:806: creating data/spacedream/Makefile
config.status:806: creating src/Makefile
config.status:806: creating src/df_knuckles/Makefile
config.status:806: creating src/df_neo/Makefile
config.status:806: creating src/spacedream/Makefile
config.status:978: executing depfiles commands

## ---------------- ##
## Cache variables. ##
## ---------------- ##

ac_cv_build=i686-pc-linux-gnu
ac_cv_c_compiler_gnu=yes
ac_cv_env_CC_set=
ac_cv_env_CC_value=
ac_cv_env_CFLAGS_set=set
ac_cv_env_CFLAGS_value=-I/usr/core/zlib/include
ac_cv_env_CPPFLAGS_set=
ac_cv_env_CPPFLAGS_value=
ac_cv_env_CPP_set=
ac_cv_env_CPP_value=
ac_cv_env_DIRECTFB_CFLAGS_set=
ac_cv_env_DIRECTFB_CFLAGS_value=
ac_cv_env_DIRECTFB_LIBS_set=
ac_cv_env_DIRECTFB_LIBS_value=
ac_cv_env_LDFLAGS_set=set
ac_cv_env_LDFLAGS_value='-L/usr/core/zlib/lib -lm -lz'
ac_cv_env_LIBS_set=
ac_cv_env_LIBS_value=
ac_cv_env_PKG_CONFIG_LIBDIR_set=
ac_cv_env_PKG_CONFIG_LIBDIR_value=
ac_cv_env_PKG_CONFIG_PATH_set=set
ac_cv_env_PKG_CONFIG_PATH_value=:/usr/core/dfb-core/lib/pkgconfig:/usr/core/zlib/lib/pkgconfig
ac_cv_env_PKG_CONFIG_set=
ac_cv_env_PKG_CONFIG_value=
ac_cv_env_build_alias_set=
ac_cv_env_build_alias_value=
ac_cv_env_host_alias_set=
ac_cv_env_host_alias_value=
ac_cv_env_target_alias_set=
ac_cv_env_target_alias_value=
ac_cv_header_inttypes_h=yes
ac_cv_header_memory_h=yes
ac_cv_header_stdbool_h=yes
ac_cv_header_stdc=yes
ac_cv_header_stdint_h=yes
ac_cv_header_stdlib_h=yes
ac_cv_header_string_h=yes
ac_cv_header_strings_h=yes
ac_cv_header_sys_stat_h=yes
ac_cv_header_sys_types_h=yes
ac_cv_header_unistd_h=yes
ac_cv_header_zlib_h=yes
ac_cv_host=i686-pc-linux-gnu
ac_cv_lib_z_gzsetparams=yes
ac_cv_objext=o
ac_cv_path_EGREP='/bin/grep -E'
ac_cv_path_GREP=/bin/grep
ac_cv_path_ac_pt_PKG_CONFIG=/usr/bin/pkg-config
ac_cv_path_install='/usr/bin/install -c'
ac_cv_path_mkdir=/bin/mkdir
ac_cv_prog_AWK=mawk
ac_cv_prog_CPP='gcc -E'
ac_cv_prog_ac_ct_CC=gcc
ac_cv_prog_cc_c89=
ac_cv_prog_cc_g=yes
ac_cv_prog_make_make_set=yes
am_cv_CC_dependencies_compiler_type=gcc3
am_cv_make_support_nested_variables=yes
pkg_cv_DIRECTFB_CFLAGS='-D_REENTRANT -I/usr/core/dfb-core/include/directfb  '
pkg_cv_DIRECTFB_LIBS='-L/usr/core/dfb-core/lib -ldirectfb -lfusion -ldirect -lpthread  '

## ----------------- ##
## Output variables. ##
## ----------------- ##

ACLOCAL='${SHELL} /home/my-linux/directfb/DirectFB-examples/missing --run aclocal-1.11 '
AMDEPBACKSLASH='\'
AMDEP_FALSE='#'
AMDEP_TRUE=''
AMTAR='$${TAR-tar}'
AM_BACKSLASH='\'
AM_DEFAULT_V='$(AM_DEFAULT_VERBOSITY)'
AM_DEFAULT_VERBOSITY='0'
AM_V='$(V)'
AUTOCONF='${SHELL} /home/my-linux/directfb/DirectFB-examples/missing --run autoconf'
AUTOHEADER='${SHELL} /home/my-linux/directfb/DirectFB-examples/missing --run autoheader'
AUTOMAKE='${SHELL} /home/my-linux/directfb/DirectFB-examples/missing --run automake-1.11'
AWK='mawk'
CC='gcc'
CCDEPMODE='depmode=gcc3'
CFLAGS='-Wall -O3 -pipe -I/usr/core/zlib/include -Werror-implicit-function-declaration'
CPP='gcc -E'
CPPFLAGS=''
CYGPATH_W='echo'
DATADIR='${datarootdir}/directfb-examples'
DATAROOTDIR='${prefix}/share/'
DEFS='-DPACKAGE_NAME=\"\" -DPACKAGE_TARNAME=\"\" -DPACKAGE_VERSION=\"\" -DPACKAGE_STRING=\"\" -DPACKAGE_BUGREPORT=\"\" -DPACKAGE_URL=\"\" -DPACKAGE=\"DirectFB-examples\" -DVERSION=\"1.7.0\" -DSTDC_HEADERS=1 -DHAVE_SYS_TYPES_H=1 -DHAVE_SYS_STAT_H=1 -DHAVE_STDLIB_H=1 -DHAVE_STRING_H=1 -DHAVE_MEMORY_H=1 -DHAVE_STRINGS_H=1 -DHAVE_INTTYPES_H=1 -DHAVE_STDINT_H=1 -DHAVE_UNISTD_H=1 -DHAVE_STDBOOL_H=1 -DUSE_ZLIB=1'
DEPDIR='.deps'
DIRECTFB_CFLAGS='-D_REENTRANT -I/usr/core/dfb-core/include/directfb  '
DIRECTFB_LIBS='-L/usr/core/dfb-core/lib -ldirectfb -lfusion -ldirect -lpthread  '
ECHO_C=''
ECHO_N='-n'
ECHO_T=''
EGREP='/bin/grep -E'
EXEEXT=''
GREP='/bin/grep'
HAVE_STEREO_API_FALSE='#'
HAVE_STEREO_API_TRUE=''
INSTALL_DATA='${INSTALL} -m 644'
INSTALL_PROGRAM='${INSTALL}'
INSTALL_SCRIPT='${INSTALL}'
INSTALL_STRIP_PROGRAM='$(install_sh) -c -s'
LDFLAGS='-L/usr/core/zlib/lib -lm -lz -lstdc++ -lz'
LIBOBJS=''
LIBS=''
LTLIBOBJS=''
MAINT='#'
MAINTAINER_MODE_FALSE=''
MAINTAINER_MODE_TRUE='#'
MAKEINFO='${SHELL} /home/my-linux/directfb/DirectFB-examples/missing --run makeinfo'
MKDIR_P='/bin/mkdir -p'
OBJEXT='o'
PACKAGE='DirectFB-examples'
PACKAGE_BUGREPORT=''
PACKAGE_NAME=''
PACKAGE_STRING=''
PACKAGE_TARNAME=''
PACKAGE_URL=''
PACKAGE_VERSION=''
PATH_SEPARATOR=':'
PKG_CONFIG='/usr/bin/pkg-config'
PKG_CONFIG_LIBDIR=''
PKG_CONFIG_PATH=':/usr/core/dfb-core/lib/pkgconfig:/usr/core/zlib/lib/pkgconfig'
SET_MAKE=''
SHELL='/bin/bash'
STRIP=''
VERSION='1.7.0'
WATER_RUNS_FALSE='#'
WATER_RUNS_TRUE=''
ZLIB_LIBS='-lz'
ac_ct_CC='gcc'
am__EXEEXT_FALSE=''
am__EXEEXT_TRUE='#'
am__fastdepCC_FALSE='#'
am__fastdepCC_TRUE=''
am__include='include'
am__isrc=''
am__leading_dot='.'
am__nodep='_no'
am__quote=''
am__tar='$${TAR-tar} chof - "$$tardir"'
am__untar='$${TAR-tar} xf -'
bindir='${exec_prefix}/bin'
build='i686-pc-linux-gnu'
build_alias=''
build_cpu='i686'
build_os='linux-gnu'
build_vendor='pc'
datadir='${datarootdir}'
datarootdir='${prefix}/share'
docdir='${datarootdir}/doc/${PACKAGE}'
dvidir='${docdir}'
exec_prefix='${prefix}'
host='i686-pc-linux-gnu'
host_alias=''
host_cpu='i686'
host_os='linux-gnu'
host_vendor='pc'
htmldir='${docdir}'
includedir='${prefix}/include'
infodir='${datarootdir}/info'
install_sh='${SHELL} /home/my-linux/directfb/DirectFB-examples/install-sh'
libdir='${exec_prefix}/lib'
libexecdir='${exec_prefix}/libexec'
localedir='${datarootdir}/locale'
localstatedir='${prefix}/var'
mandir='${datarootdir}/man'
mkdir_p='/bin/mkdir -p'
oldincludedir='/usr/include'
pdfdir='${docdir}'
prefix='/usr/core/dfb-test'
program_transform_name='s,x,x,'
psdir='${docdir}'
sbindir='${exec_prefix}/sbin'
sharedstatedir='${prefix}/com'
sysconfdir='${prefix}/etc'
target_alias=''

## ----------- ##
## confdefs.h. ##
## ----------- ##

/* confdefs.h */
#define PACKAGE_NAME ""
#define PACKAGE_TARNAME ""
#define PACKAGE_VERSION ""
#define PACKAGE_STRING ""
#define PACKAGE_BUGREPORT ""
#define PACKAGE_URL ""
#define PACKAGE "DirectFB-examples"
#define VERSION "1.7.0"
#define STDC_HEADERS 1
#define HAVE_SYS_TYPES_H 1
#define HAVE_SYS_STAT_H 1
#define HAVE_STDLIB_H 1
#define HAVE_STRING_H 1
#define HAVE_MEMORY_H 1
#define HAVE_STRINGS_H 1
#define HAVE_INTTYPES_H 1
#define HAVE_STDINT_H 1
#define HAVE_UNISTD_H 1
#define HAVE_STDBOOL_H 1
#define USE_ZLIB 1

configure: exit 0
