This file contains any messages produced by compilers while
running configure, to aid debugging if configure makes a mistake.

It was created by configure, which was
generated by GNU Autoconf 2.61.  Invocation command line was

  $ ./configure --prefix=/usr/core/dfb-term CFLAGS=-I/usr/core/zlib/include LDFLAGS=-L/usr/core/zlib/lib -lm -lz

## --------- ##
## Platform. ##
## --------- ##

hostname = my-linux
uname -m = i686
uname -r = 3.0.0-12-generic
uname -s = Linux
uname -v = #20-Ubuntu SMP Fri Oct 7 14:50:42 UTC 2011

/usr/bin/uname -p = unknown
/bin/uname -X     = unknown

/bin/arch              = unknown
/usr/bin/arch -k       = unknown
/usr/convex/getsysinfo = unknown
/usr/bin/hostinfo      = unknown
/bin/machine           = unknown
/usr/bin/oslevel       = unknown
/bin/universe          = unknown

PATH: /usr/lib/lightdm/lightdm
PATH: /usr/local/sbin
PATH: /usr/local/bin
PATH: /usr/sbin
PATH: /usr/bin
PATH: /sbin
PATH: /bin
PATH: /usr/games


## ----------- ##
## Core tests. ##
## ----------- ##

configure:1800: checking for a BSD-compatible install
configure:1856: result: /usr/bin/install -c
configure:1867: checking whether build environment is sane
configure:1910: result: yes
configure:1934: WARNING: `missing' script is too old or missing
configure:1975: checking for gawk
configure:2005: result: no
configure:1975: checking for mawk
configure:1991: found /usr/bin/mawk
configure:2002: result: mawk
configure:2013: checking whether make sets $(MAKE)
configure:2034: result: yes
configure:2219: checking whether to enable maintainer-specific portions of Makefiles
configure:2228: result: no
configure:2252: checking build system type
configure:2270: result: i686-pc-linux-gnu
configure:2292: checking host system type
configure:2307: result: i686-pc-linux-gnu
configure:2378: checking for gcc
configure:2394: found /usr/bin/gcc
configure:2405: result: gcc
configure:2643: checking for C compiler version
configure:2650: gcc --version >&5
gcc (Ubuntu/Linaro 4.6.3-1ubuntu5) 4.6.3
Copyright (C) 2011 Free Software Foundation, Inc.
This is free software; see the source for copying conditions.  There is NO
warranty; not even for MERCHANTABILITY or FITNESS FOR A PARTICULAR PURPOSE.

configure:2653: $? = 0
configure:2660: gcc -v >&5
Using built-in specs.
COLLECT_GCC=gcc
COLLECT_LTO_WRAPPER=/usr/lib/gcc/i686-linux-gnu/4.6/lto-wrapper
Target: i686-linux-gnu
Configured with: ../src/configure -v --with-pkgversion='Ubuntu/Linaro 4.6.3-1ubuntu5' --with-bugurl=file:///usr/share/doc/gcc-4.6/README.Bugs --enable-languages=c,c++,fortran,objc,obj-c++ --prefix=/usr --program-suffix=-4.6 --enable-shared --enable-linker-build-id --with-system-zlib --libexecdir=/usr/lib --without-included-gettext --enable-threads=posix --with-gxx-include-dir=/usr/include/c++/4.6 --libdir=/usr/lib --enable-nls --with-sysroot=/ --enable-clocale=gnu --enable-libstdcxx-debug --enable-libstdcxx-time=yes --enable-gnu-unique-object --enable-plugin --enable-objc-gc --enable-targets=all --disable-werror --with-arch-32=i686 --with-tune=generic --enable-checking=release --build=i686-linux-gnu --host=i686-linux-gnu --target=i686-linux-gnu
Thread model: posix
gcc version 4.6.3 (Ubuntu/Linaro 4.6.3-1ubuntu5) 
configure:2663: $? = 0
configure:2670: gcc -V >&5
gcc: error: unrecognized option '-V'
gcc: fatal error: no input files
compilation terminated.
configure:2673: $? = 4
configure:2696: checking for C compiler default output file name
configure:2723: gcc -I/usr/core/zlib/include  -L/usr/core/zlib/lib -lm -lz conftest.c  >&5
configure:2726: $? = 0
configure:2764: result: a.out
configure:2781: checking whether the C compiler works
configure:2791: ./a.out
configure:2794: $? = 0
configure:2811: result: yes
configure:2818: checking whether we are cross compiling
configure:2820: result: no
configure:2823: checking for suffix of executables
configure:2830: gcc -o conftest -I/usr/core/zlib/include  -L/usr/core/zlib/lib -lm -lz conftest.c  >&5
configure:2833: $? = 0
configure:2857: result: 
configure:2863: checking for suffix of object files
configure:2889: gcc -c -I/usr/core/zlib/include  conftest.c >&5
configure:2892: $? = 0
configure:2915: result: o
configure:2919: checking whether we are using the GNU C compiler
configure:2948: gcc -c -I/usr/core/zlib/include  conftest.c >&5
configure:2954: $? = 0
configure:2971: result: yes
configure:2976: checking whether gcc accepts -g
configure:3006: gcc -c -g  conftest.c >&5
configure:3012: $? = 0
configure:3111: result: yes
configure:3128: checking for gcc option to accept ISO C89
configure:3202: gcc  -c -I/usr/core/zlib/include  conftest.c >&5
configure:3208: $? = 0
configure:3231: result: none needed
configure:3260: checking for style of include used by make
configure:3288: result: GNU
configure:3316: checking dependency style of gcc
configure:3406: result: gcc3
configure:3430: checking how to run the C preprocessor
configure:3470: gcc -E  conftest.c
configure:3476: $? = 0
configure:3507: gcc -E  conftest.c
conftest.c:10:28: fatal error: ac_nonexistent.h: No such file or directory
compilation terminated.
configure:3513: $? = 1
configure: failed program was:
| /* confdefs.h.  */
| #define PACKAGE_NAME ""
| #define PACKAGE_TARNAME ""
| #define PACKAGE_VERSION ""
| #define PACKAGE_STRING ""
| #define PACKAGE_BUGREPORT ""
| #define PACKAGE "DFBTerm"
| #define VERSION "0.8.15"
| /* end confdefs.h.  */
| #include <ac_nonexistent.h>
configure:3546: result: gcc -E
configure:3575: gcc -E  conftest.c
configure:3581: $? = 0
configure:3612: gcc -E  conftest.c
conftest.c:10:28: fatal error: ac_nonexistent.h: No such file or directory
compilation terminated.
configure:3618: $? = 1
configure: failed program was:
| /* confdefs.h.  */
| #define PACKAGE_NAME ""
| #define PACKAGE_TARNAME ""
| #define PACKAGE_VERSION ""
| #define PACKAGE_STRING ""
| #define PACKAGE_BUGREPORT ""
| #define PACKAGE "DFBTerm"
| #define VERSION "0.8.15"
| /* end confdefs.h.  */
| #include <ac_nonexistent.h>
configure:3656: checking for grep that handles long lines and -e
configure:3730: result: /bin/grep
configure:3735: checking for egrep
configure:3813: result: /bin/grep -E
configure:3818: checking for ANSI C header files
configure:3848: gcc -c -I/usr/core/zlib/include  conftest.c >&5
configure:3854: $? = 0
configure:3953: gcc -o conftest -I/usr/core/zlib/include  -L/usr/core/zlib/lib -lm -lz conftest.c  >&5
configure:3956: $? = 0
configure:3962: ./conftest
configure:3965: $? = 0
configure:3982: result: yes
configure:4006: checking for sys/types.h
configure:4027: gcc -c -I/usr/core/zlib/include  conftest.c >&5
configure:4033: $? = 0
configure:4049: result: yes
configure:4006: checking for sys/stat.h
configure:4027: gcc -c -I/usr/core/zlib/include  conftest.c >&5
configure:4033: $? = 0
configure:4049: result: yes
configure:4006: checking for stdlib.h
configure:4027: gcc -c -I/usr/core/zlib/include  conftest.c >&5
configure:4033: $? = 0
configure:4049: result: yes
configure:4006: checking for string.h
configure:4027: gcc -c -I/usr/core/zlib/include  conftest.c >&5
configure:4033: $? = 0
configure:4049: result: yes
configure:4006: checking for memory.h
configure:4027: gcc -c -I/usr/core/zlib/include  conftest.c >&5
configure:4033: $? = 0
configure:4049: result: yes
configure:4006: checking for strings.h
configure:4027: gcc -c -I/usr/core/zlib/include  conftest.c >&5
configure:4033: $? = 0
configure:4049: result: yes
configure:4006: checking for inttypes.h
configure:4027: gcc -c -I/usr/core/zlib/include  conftest.c >&5
configure:4033: $? = 0
configure:4049: result: yes
configure:4006: checking for stdint.h
configure:4027: gcc -c -I/usr/core/zlib/include  conftest.c >&5
configure:4033: $? = 0
configure:4049: result: yes
configure:4006: checking for unistd.h
configure:4027: gcc -c -I/usr/core/zlib/include  conftest.c >&5
configure:4033: $? = 0
configure:4049: result: yes
configure:4076: checking stdbool.h usability
configure:4093: gcc -c -I/usr/core/zlib/include  conftest.c >&5
configure:4099: $? = 0
configure:4113: result: yes
configure:4117: checking stdbool.h presence
configure:4132: gcc -E  conftest.c
configure:4138: $? = 0
configure:4152: result: yes
configure:4180: checking for stdbool.h
configure:4188: result: yes
configure:4231: checking for stdbool.h
configure:4237: result: yes
configure:4387: checking sys/select.h usability
configure:4404: gcc -c -Wall -O3 -pipe -I/usr/core/zlib/include  conftest.c >&5
configure:4410: $? = 0
configure:4424: result: yes
configure:4428: checking sys/select.h presence
configure:4443: gcc -E  conftest.c
configure:4449: $? = 0
configure:4463: result: yes
configure:4491: checking for sys/select.h
configure:4499: result: yes
configure:4387: checking sys/time.h usability
configure:4404: gcc -c -Wall -O3 -pipe -I/usr/core/zlib/include  conftest.c >&5
configure:4410: $? = 0
configure:4424: result: yes
configure:4428: checking sys/time.h presence
configure:4443: gcc -E  conftest.c
configure:4449: $? = 0
configure:4463: result: yes
configure:4491: checking for sys/time.h
configure:4499: result: yes
configure:4387: checking sys/un.h usability
configure:4404: gcc -c -Wall -O3 -pipe -I/usr/core/zlib/include  conftest.c >&5
configure:4410: $? = 0
configure:4424: result: yes
configure:4428: checking sys/un.h presence
configure:4443: gcc -E  conftest.c
configure:4449: $? = 0
configure:4463: result: yes
configure:4491: checking for sys/un.h
configure:4499: result: yes
configure:4387: checking paths.h usability
configure:4404: gcc -c -Wall -O3 -pipe -I/usr/core/zlib/include  conftest.c >&5
configure:4410: $? = 0
configure:4424: result: yes
configure:4428: checking paths.h presence
configure:4443: gcc -E  conftest.c
configure:4449: $? = 0
configure:4463: result: yes
configure:4491: checking for paths.h
configure:4499: result: yes
configure:4387: checking sys/syslimits.h usability
configure:4404: gcc -c -Wall -O3 -pipe -I/usr/core/zlib/include  conftest.c >&5
conftest.c:59:27: fatal error: sys/syslimits.h: No such file or directory
compilation terminated.
configure:4410: $? = 1
configure: failed program was:
| /* confdefs.h.  */
| #define PACKAGE_NAME ""
| #define PACKAGE_TARNAME ""
| #define PACKAGE_VERSION ""
| #define PACKAGE_STRING ""
| #define PACKAGE_BUGREPORT ""
| #define PACKAGE "DFBTerm"
| #define VERSION "0.8.15"
| #define STDC_HEADERS 1
| #define HAVE_SYS_TYPES_H 1
| #define HAVE_SYS_STAT_H 1
| #define HAVE_STDLIB_H 1
| #define HAVE_STRING_H 1
| #define HAVE_MEMORY_H 1
| #define HAVE_STRINGS_H 1
| #define HAVE_INTTYPES_H 1
| #define HAVE_STDINT_H 1
| #define HAVE_UNISTD_H 1
| #define HAVE_STDBOOL_H 1
| #define HAVE_STDBOOL_H 1
| #define HAVE_SYS_SELECT_H 1
| #define HAVE_SYS_TIME_H 1
| #define HAVE_SYS_UN_H 1
| #define HAVE_PATHS_H 1
| /* end confdefs.h.  */
| #include <stdio.h>
| #ifdef HAVE_SYS_TYPES_H
| # include <sys/types.h>
| #endif
| #ifdef HAVE_SYS_STAT_H
| # include <sys/stat.h>
| #endif
| #ifdef STDC_HEADERS
| # include <stdlib.h>
| # include <stddef.h>
| #else
| # ifdef HAVE_STDLIB_H
| #  include <stdlib.h>
| # endif
| #endif
| #ifdef HAVE_STRING_H
| # if !defined STDC_HEADERS && defined HAVE_MEMORY_H
| #  include <memory.h>
| # endif
| # include <string.h>
| #endif
| #ifdef HAVE_STRINGS_H
| # include <strings.h>
| #endif
| #ifdef HAVE_INTTYPES_H
| # include <inttypes.h>
| #endif
| #ifdef HAVE_STDINT_H
| # include <stdint.h>
| #endif
| #ifdef HAVE_UNISTD_H
| # include <unistd.h>
| #endif
| #include <sys/syslimits.h>
configure:4424: result: no
configure:4428: checking sys/syslimits.h presence
configure:4443: gcc -E  conftest.c
conftest.c:26:27: fatal error: sys/syslimits.h: No such file or directory
compilation terminated.
configure:4449: $? = 1
configure: failed program was:
| /* confdefs.h.  */
| #define PACKAGE_NAME ""
| #define PACKAGE_TARNAME ""
| #define PACKAGE_VERSION ""
| #define PACKAGE_STRING ""
| #define PACKAGE_BUGREPORT ""
| #define PACKAGE "DFBTerm"
| #define VERSION "0.8.15"
| #define STDC_HEADERS 1
| #define HAVE_SYS_TYPES_H 1
| #define HAVE_SYS_STAT_H 1
| #define HAVE_STDLIB_H 1
| #define HAVE_STRING_H 1
| #define HAVE_MEMORY_H 1
| #define HAVE_STRINGS_H 1
| #define HAVE_INTTYPES_H 1
| #define HAVE_STDINT_H 1
| #define HAVE_UNISTD_H 1
| #define HAVE_STDBOOL_H 1
| #define HAVE_STDBOOL_H 1
| #define HAVE_SYS_SELECT_H 1
| #define HAVE_SYS_TIME_H 1
| #define HAVE_SYS_UN_H 1
| #define HAVE_PATHS_H 1
| /* end confdefs.h.  */
| #include <sys/syslimits.h>
configure:4463: result: no
configure:4491: checking for sys/syslimits.h
configure:4499: result: no
configure:4387: checking sys/fsuid.h usability
configure:4404: gcc -c -Wall -O3 -pipe -I/usr/core/zlib/include  conftest.c >&5
configure:4410: $? = 0
configure:4424: result: yes
configure:4428: checking sys/fsuid.h presence
configure:4443: gcc -E  conftest.c
configure:4449: $? = 0
configure:4463: result: yes
configure:4491: checking for sys/fsuid.h
configure:4499: result: yes
configure:4518: checking for Unix98 sendmsg
configure:4550: gcc -o conftest -Wall -O3 -pipe -I/usr/core/zlib/include  -L/usr/core/zlib/lib -lm -lz conftest.c  >&5
configure:4556: $? = 0
configure:4568: result: yes
configure:4590: checking for sys/time.h
configure:4596: result: yes
configure:4600: checking utmp.h usability
configure:4617: gcc -c -Wall -O3 -pipe -I/usr/core/zlib/include  conftest.c >&5
configure:4623: $? = 0
configure:4637: result: yes
configure:4641: checking utmp.h presence
configure:4656: gcc -E  conftest.c
configure:4662: $? = 0
configure:4676: result: yes
configure:4704: checking for utmp.h
configure:4712: result: yes
configure:4600: checking utmpx.h usability
configure:4617: gcc -c -Wall -O3 -pipe -I/usr/core/zlib/include  conftest.c >&5
configure:4623: $? = 0
configure:4637: result: yes
configure:4641: checking utmpx.h presence
configure:4656: gcc -E  conftest.c
configure:4662: $? = 0
configure:4676: result: yes
configure:4704: checking for utmpx.h
configure:4712: result: yes
configure:4725: checking whether time.h and sys/time.h may both be included
configure:4755: gcc -c -Wall -O3 -pipe -I/usr/core/zlib/include  conftest.c >&5
configure:4761: $? = 0
configure:4776: result: yes
configure:4801: checking for ut_host field in the utmp structure
configure:4839: gcc -c -Wall -O3 -pipe -I/usr/core/zlib/include  conftest.c >&5
conftest.c: In function 'main':
conftest.c:52:16: warning: variable 'p' set but not used [-Wunused-but-set-variable]
configure:4845: $? = 0
configure:4866: result: yes
configure:4869: checking for ut_pid field in the utmp structure
configure:4907: gcc -c -Wall -O3 -pipe -I/usr/core/zlib/include  conftest.c >&5
conftest.c: In function 'main':
conftest.c:53:14: warning: variable 'i' set but not used [-Wunused-but-set-variable]
configure:4913: $? = 0
configure:4934: result: yes
configure:4937: checking for ut_id field in the utmp structure
configure:4975: gcc -c -Wall -O3 -pipe -I/usr/core/zlib/include  conftest.c >&5
conftest.c: In function 'main':
conftest.c:54:16: warning: variable 'p' set but not used [-Wunused-but-set-variable]
configure:4981: $? = 0
configure:5002: result: yes
configure:5005: checking for ut_name field in the utmp structure
configure:5043: gcc -c -Wall -O3 -pipe -I/usr/core/zlib/include  conftest.c >&5
conftest.c: In function 'main':
conftest.c:55:16: warning: variable 'p' set but not used [-Wunused-but-set-variable]
configure:5049: $? = 0
configure:5070: result: yes
configure:5073: checking for ut_type field in the utmp structure
configure:5111: gcc -c -Wall -O3 -pipe -I/usr/core/zlib/include  conftest.c >&5
conftest.c: In function 'main':
conftest.c:56:14: warning: variable 'i' set but not used [-Wunused-but-set-variable]
configure:5117: $? = 0
configure:5138: result: yes
configure:5141: checking for ut_exit.e_termination field in the utmp structure
configure:5179: gcc -c -Wall -O3 -pipe -I/usr/core/zlib/include  conftest.c >&5
conftest.c: In function 'main':
conftest.c:57:20: error: 'struct __exit_status' has no member named 'e_termination'
conftest.c:57:6: warning: variable 'ut' set but not used [-Wunused-but-set-variable]
configure:5185: $? = 1
configure: failed program was:
| /* confdefs.h.  */
| #define PACKAGE_NAME ""
| #define PACKAGE_TARNAME ""
| #define PACKAGE_VERSION ""
| #define PACKAGE_STRING ""
| #define PACKAGE_BUGREPORT ""
| #define PACKAGE "DFBTerm"
| #define VERSION "0.8.15"
| #define STDC_HEADERS 1
| #define HAVE_SYS_TYPES_H 1
| #define HAVE_SYS_STAT_H 1
| #define HAVE_STDLIB_H 1
| #define HAVE_STRING_H 1
| #define HAVE_MEMORY_H 1
| #define HAVE_STRINGS_H 1
| #define HAVE_INTTYPES_H 1
| #define HAVE_STDINT_H 1
| #define HAVE_UNISTD_H 1
| #define HAVE_STDBOOL_H 1
| #define HAVE_STDBOOL_H 1
| #define HAVE_SYS_SELECT_H 1
| #define HAVE_SYS_TIME_H 1
| #define HAVE_SYS_UN_H 1
| #define HAVE_PATHS_H 1
| #define HAVE_SYS_FSUID_H 1
| #define HAVE_SENDMSG 1
| #define HAVE_SYS_TIME_H 1
| #define HAVE_UTMP_H 1
| #define HAVE_UTMPX_H 1
| #define TIME_WITH_SYS_TIME 1
| #define UTMP struct utmpx
| #define HAVE_UT_UT_HOST 1
| #define HAVE_UT_UT_PID 1
| #define HAVE_UT_UT_ID 1
| #define HAVE_UT_UT_NAME 1
| #define HAVE_UT_UT_TYPE 1
| /* end confdefs.h.  */
| #ifdef TIME_WITH_SYS_TIME
| #include <sys/time.h>
| #include <time.h>
| #else
| #ifdef HAVE_SYS_TIME_H
| #include <sys/time.h>
| #else
| #include <time.h>
| #endif
| #endif
| #ifdef HAVE_UTMP_H
| #include <utmp.h>
| #endif
| #ifdef HAVE_UTMPX_H
| #include <utmpx.h>
| #endif
| int
| main ()
| {
| UTMP ut; ut.ut_exit.e_termination=0;
|   ;
|   return 0;
| }
configure:5206: result: no
configure:5209: checking for ut_user field in the utmp structure
configure:5247: gcc -c -Wall -O3 -pipe -I/usr/core/zlib/include  conftest.c >&5
conftest.c: In function 'main':
conftest.c:57:16: warning: variable 'p' set but not used [-Wunused-but-set-variable]
configure:5253: $? = 0
configure:5274: result: yes
configure:5277: checking for ut_time field in the utmp structure
configure:5315: gcc -c -Wall -O3 -pipe -I/usr/core/zlib/include  conftest.c >&5
conftest.c: In function 'main':
conftest.c:58:6: warning: variable 'ut' set but not used [-Wunused-but-set-variable]
configure:5321: $? = 0
configure:5342: result: yes
configure:5345: checking for ut_tv field in the utmp structure
configure:5383: gcc -c -Wall -O3 -pipe -I/usr/core/zlib/include  conftest.c >&5
conftest.c: In function 'main':
conftest.c:59:19: error: expected expression before '{' token
conftest.c:59:6: warning: variable 'ut' set but not used [-Wunused-but-set-variable]
configure:5389: $? = 1
configure: failed program was:
| /* confdefs.h.  */
| #define PACKAGE_NAME ""
| #define PACKAGE_TARNAME ""
| #define PACKAGE_VERSION ""
| #define PACKAGE_STRING ""
| #define PACKAGE_BUGREPORT ""
| #define PACKAGE "DFBTerm"
| #define VERSION "0.8.15"
| #define STDC_HEADERS 1
| #define HAVE_SYS_TYPES_H 1
| #define HAVE_SYS_STAT_H 1
| #define HAVE_STDLIB_H 1
| #define HAVE_STRING_H 1
| #define HAVE_MEMORY_H 1
| #define HAVE_STRINGS_H 1
| #define HAVE_INTTYPES_H 1
| #define HAVE_STDINT_H 1
| #define HAVE_UNISTD_H 1
| #define HAVE_STDBOOL_H 1
| #define HAVE_STDBOOL_H 1
| #define HAVE_SYS_SELECT_H 1
| #define HAVE_SYS_TIME_H 1
| #define HAVE_SYS_UN_H 1
| #define HAVE_PATHS_H 1
| #define HAVE_SYS_FSUID_H 1
| #define HAVE_SENDMSG 1
| #define HAVE_SYS_TIME_H 1
| #define HAVE_UTMP_H 1
| #define HAVE_UTMPX_H 1
| #define TIME_WITH_SYS_TIME 1
| #define UTMP struct utmpx
| #define HAVE_UT_UT_HOST 1
| #define HAVE_UT_UT_PID 1
| #define HAVE_UT_UT_ID 1
| #define HAVE_UT_UT_NAME 1
| #define HAVE_UT_UT_TYPE 1
| #define HAVE_UT_UT_USER 1
| #define HAVE_UT_UT_TIME 1
| /* end confdefs.h.  */
| #ifdef TIME_WITH_SYS_TIME
| #include <sys/time.h>
| #include <time.h>
| #else
| #ifdef HAVE_SYS_TIME_H
| #include <sys/time.h>
| #else
| #include <time.h>
| #endif
| #endif
| #ifdef HAVE_UTMP_H
| #include <utmp.h>
| #endif
| #ifdef HAVE_UTMPX_H
| #include <utmpx.h>
| #endif
| int
| main ()
| {
| UTMP ut; ut.ut_tv={0, 0};
|   ;
|   return 0;
| }
configure:5410: result: no
configure:5413: checking for ut_syslen field in the utmp structure
configure:5451: gcc -c -Wall -O3 -pipe -I/usr/core/zlib/include  conftest.c >&5
conftest.c: In function 'main':
conftest.c:59:12: error: 'struct utmpx' has no member named 'ut_syslen'
conftest.c:59:6: warning: variable 'ut' set but not used [-Wunused-but-set-variable]
configure:5457: $? = 1
configure: failed program was:
| /* confdefs.h.  */
| #define PACKAGE_NAME ""
| #define PACKAGE_TARNAME ""
| #define PACKAGE_VERSION ""
| #define PACKAGE_STRING ""
| #define PACKAGE_BUGREPORT ""
| #define PACKAGE "DFBTerm"
| #define VERSION "0.8.15"
| #define STDC_HEADERS 1
| #define HAVE_SYS_TYPES_H 1
| #define HAVE_SYS_STAT_H 1
| #define HAVE_STDLIB_H 1
| #define HAVE_STRING_H 1
| #define HAVE_MEMORY_H 1
| #define HAVE_STRINGS_H 1
| #define HAVE_INTTYPES_H 1
| #define HAVE_STDINT_H 1
| #define HAVE_UNISTD_H 1
| #define HAVE_STDBOOL_H 1
| #define HAVE_STDBOOL_H 1
| #define HAVE_SYS_SELECT_H 1
| #define HAVE_SYS_TIME_H 1
| #define HAVE_SYS_UN_H 1
| #define HAVE_PATHS_H 1
| #define HAVE_SYS_FSUID_H 1
| #define HAVE_SENDMSG 1
| #define HAVE_SYS_TIME_H 1
| #define HAVE_UTMP_H 1
| #define HAVE_UTMPX_H 1
| #define TIME_WITH_SYS_TIME 1
| #define UTMP struct utmpx
| #define HAVE_UT_UT_HOST 1
| #define HAVE_UT_UT_PID 1
| #define HAVE_UT_UT_ID 1
| #define HAVE_UT_UT_NAME 1
| #define HAVE_UT_UT_TYPE 1
| #define HAVE_UT_UT_USER 1
| #define HAVE_UT_UT_TIME 1
| /* end confdefs.h.  */
| #ifdef TIME_WITH_SYS_TIME
| #include <sys/time.h>
| #include <time.h>
| #else
| #ifdef HAVE_SYS_TIME_H
| #include <sys/time.h>
| #else
| #include <time.h>
| #endif
| #endif
| #ifdef HAVE_UTMP_H
| #include <utmp.h>
| #endif
| #ifdef HAVE_UTMPX_H
| #include <utmpx.h>
| #endif
| int
| main ()
| {
| UTMP ut; ut.ut_syslen=0;
|   ;
|   return 0;
| }
configure:5478: result: no
configure:5501: checking pty.h usability
configure:5518: gcc -c -Wall -O3 -pipe -I/usr/core/zlib/include  conftest.c >&5
configure:5524: $? = 0
configure:5538: result: yes
configure:5542: checking pty.h presence
configure:5557: gcc -E  conftest.c
configure:5563: $? = 0
configure:5577: result: yes
configure:5605: checking for pty.h
configure:5613: result: yes
configure:5501: checking util.h usability
configure:5518: gcc -c -Wall -O3 -pipe -I/usr/core/zlib/include  conftest.c >&5
conftest.c:74:18: fatal error: util.h: No such file or directory
compilation terminated.
configure:5524: $? = 1
configure: failed program was:
| /* confdefs.h.  */
| #define PACKAGE_NAME ""
| #define PACKAGE_TARNAME ""
| #define PACKAGE_VERSION ""
| #define PACKAGE_STRING ""
| #define PACKAGE_BUGREPORT ""
| #define PACKAGE "DFBTerm"
| #define VERSION "0.8.15"
| #define STDC_HEADERS 1
| #define HAVE_SYS_TYPES_H 1
| #define HAVE_SYS_STAT_H 1
| #define HAVE_STDLIB_H 1
| #define HAVE_STRING_H 1
| #define HAVE_MEMORY_H 1
| #define HAVE_STRINGS_H 1
| #define HAVE_INTTYPES_H 1
| #define HAVE_STDINT_H 1
| #define HAVE_UNISTD_H 1
| #define HAVE_STDBOOL_H 1
| #define HAVE_STDBOOL_H 1
| #define HAVE_SYS_SELECT_H 1
| #define HAVE_SYS_TIME_H 1
| #define HAVE_SYS_UN_H 1
| #define HAVE_PATHS_H 1
| #define HAVE_SYS_FSUID_H 1
| #define HAVE_SENDMSG 1
| #define HAVE_SYS_TIME_H 1
| #define HAVE_UTMP_H 1
| #define HAVE_UTMPX_H 1
| #define TIME_WITH_SYS_TIME 1
| #define UTMP struct utmpx
| #define HAVE_UT_UT_HOST 1
| #define HAVE_UT_UT_PID 1
| #define HAVE_UT_UT_ID 1
| #define HAVE_UT_UT_NAME 1
| #define HAVE_UT_UT_TYPE 1
| #define HAVE_UT_UT_USER 1
| #define HAVE_UT_UT_TIME 1
| #define HAVE_PTY_H 1
| /* end confdefs.h.  */
| #include <stdio.h>
| #ifdef HAVE_SYS_TYPES_H
| # include <sys/types.h>
| #endif
| #ifdef HAVE_SYS_STAT_H
| # include <sys/stat.h>
| #endif
| #ifdef STDC_HEADERS
| # include <stdlib.h>
| # include <stddef.h>
| #else
| # ifdef HAVE_STDLIB_H
| #  include <stdlib.h>
| # endif
| #endif
| #ifdef HAVE_STRING_H
| # if !defined STDC_HEADERS && defined HAVE_MEMORY_H
| #  include <memory.h>
| # endif
| # include <string.h>
| #endif
| #ifdef HAVE_STRINGS_H
| # include <strings.h>
| #endif
| #ifdef HAVE_INTTYPES_H
| # include <inttypes.h>
| #endif
| #ifdef HAVE_STDINT_H
| # include <stdint.h>
| #endif
| #ifdef HAVE_UNISTD_H
| # include <unistd.h>
| #endif
| #include <util.h>
configure:5538: result: no
configure:5542: checking util.h presence
configure:5557: gcc -E  conftest.c
conftest.c:41:18: fatal error: util.h: No such file or directory
compilation terminated.
configure:5563: $? = 1
configure: failed program was:
| /* confdefs.h.  */
| #define PACKAGE_NAME ""
| #define PACKAGE_TARNAME ""
| #define PACKAGE_VERSION ""
| #define PACKAGE_STRING ""
| #define PACKAGE_BUGREPORT ""
| #define PACKAGE "DFBTerm"
| #define VERSION "0.8.15"
| #define STDC_HEADERS 1
| #define HAVE_SYS_TYPES_H 1
| #define HAVE_SYS_STAT_H 1
| #define HAVE_STDLIB_H 1
| #define HAVE_STRING_H 1
| #define HAVE_MEMORY_H 1
| #define HAVE_STRINGS_H 1
| #define HAVE_INTTYPES_H 1
| #define HAVE_STDINT_H 1
| #define HAVE_UNISTD_H 1
| #define HAVE_STDBOOL_H 1
| #define HAVE_STDBOOL_H 1
| #define HAVE_SYS_SELECT_H 1
| #define HAVE_SYS_TIME_H 1
| #define HAVE_SYS_UN_H 1
| #define HAVE_PATHS_H 1
| #define HAVE_SYS_FSUID_H 1
| #define HAVE_SENDMSG 1
| #define HAVE_SYS_TIME_H 1
| #define HAVE_UTMP_H 1
| #define HAVE_UTMPX_H 1
| #define TIME_WITH_SYS_TIME 1
| #define UTMP struct utmpx
| #define HAVE_UT_UT_HOST 1
| #define HAVE_UT_UT_PID 1
| #define HAVE_UT_UT_ID 1
| #define HAVE_UT_UT_NAME 1
| #define HAVE_UT_UT_TYPE 1
| #define HAVE_UT_UT_USER 1
| #define HAVE_UT_UT_TIME 1
| #define HAVE_PTY_H 1
| /* end confdefs.h.  */
| #include <util.h>
configure:5577: result: no
configure:5605: checking for util.h
configure:5613: result: no
configure:5501: checking libutil.h usability
configure:5518: gcc -c -Wall -O3 -pipe -I/usr/core/zlib/include  conftest.c >&5
conftest.c:74:21: fatal error: libutil.h: No such file or directory
compilation terminated.
configure:5524: $? = 1
configure: failed program was:
| /* confdefs.h.  */
| #define PACKAGE_NAME ""
| #define PACKAGE_TARNAME ""
| #define PACKAGE_VERSION ""
| #define PACKAGE_STRING ""
| #define PACKAGE_BUGREPORT ""
| #define PACKAGE "DFBTerm"
| #define VERSION "0.8.15"
| #define STDC_HEADERS 1
| #define HAVE_SYS_TYPES_H 1
| #define HAVE_SYS_STAT_H 1
| #define HAVE_STDLIB_H 1
| #define HAVE_STRING_H 1
| #define HAVE_MEMORY_H 1
| #define HAVE_STRINGS_H 1
| #define HAVE_INTTYPES_H 1
| #define HAVE_STDINT_H 1
| #define HAVE_UNISTD_H 1
| #define HAVE_STDBOOL_H 1
| #define HAVE_STDBOOL_H 1
| #define HAVE_SYS_SELECT_H 1
| #define HAVE_SYS_TIME_H 1
| #define HAVE_SYS_UN_H 1
| #define HAVE_PATHS_H 1
| #define HAVE_SYS_FSUID_H 1
| #define HAVE_SENDMSG 1
| #define HAVE_SYS_TIME_H 1
| #define HAVE_UTMP_H 1
| #define HAVE_UTMPX_H 1
| #define TIME_WITH_SYS_TIME 1
| #define UTMP struct utmpx
| #define HAVE_UT_UT_HOST 1
| #define HAVE_UT_UT_PID 1
| #define HAVE_UT_UT_ID 1
| #define HAVE_UT_UT_NAME 1
| #define HAVE_UT_UT_TYPE 1
| #define HAVE_UT_UT_USER 1
| #define HAVE_UT_UT_TIME 1
| #define HAVE_PTY_H 1
| /* end confdefs.h.  */
| #include <stdio.h>
| #ifdef HAVE_SYS_TYPES_H
| # include <sys/types.h>
| #endif
| #ifdef HAVE_SYS_STAT_H
| # include <sys/stat.h>
| #endif
| #ifdef STDC_HEADERS
| # include <stdlib.h>
| # include <stddef.h>
| #else
| # ifdef HAVE_STDLIB_H
| #  include <stdlib.h>
| # endif
| #endif
| #ifdef HAVE_STRING_H
| # if !defined STDC_HEADERS && defined HAVE_MEMORY_H
| #  include <memory.h>
| # endif
| # include <string.h>
| #endif
| #ifdef HAVE_STRINGS_H
| # include <strings.h>
| #endif
| #ifdef HAVE_INTTYPES_H
| # include <inttypes.h>
| #endif
| #ifdef HAVE_STDINT_H
| # include <stdint.h>
| #endif
| #ifdef HAVE_UNISTD_H
| # include <unistd.h>
| #endif
| #include <libutil.h>
configure:5538: result: no
configure:5542: checking libutil.h presence
configure:5557: gcc -E  conftest.c
conftest.c:41:21: fatal error: libutil.h: No such file or directory
compilation terminated.
configure:5563: $? = 1
configure: failed program was:
| /* confdefs.h.  */
| #define PACKAGE_NAME ""
| #define PACKAGE_TARNAME ""
| #define PACKAGE_VERSION ""
| #define PACKAGE_STRING ""
| #define PACKAGE_BUGREPORT ""
| #define PACKAGE "DFBTerm"
| #define VERSION "0.8.15"
| #define STDC_HEADERS 1
| #define HAVE_SYS_TYPES_H 1
| #define HAVE_SYS_STAT_H 1
| #define HAVE_STDLIB_H 1
| #define HAVE_STRING_H 1
| #define HAVE_MEMORY_H 1
| #define HAVE_STRINGS_H 1
| #define HAVE_INTTYPES_H 1
| #define HAVE_STDINT_H 1
| #define HAVE_UNISTD_H 1
| #define HAVE_STDBOOL_H 1
| #define HAVE_STDBOOL_H 1
| #define HAVE_SYS_SELECT_H 1
| #define HAVE_SYS_TIME_H 1
| #define HAVE_SYS_UN_H 1
| #define HAVE_PATHS_H 1
| #define HAVE_SYS_FSUID_H 1
| #define HAVE_SENDMSG 1
| #define HAVE_SYS_TIME_H 1
| #define HAVE_UTMP_H 1
| #define HAVE_UTMPX_H 1
| #define TIME_WITH_SYS_TIME 1
| #define UTMP struct utmpx
| #define HAVE_UT_UT_HOST 1
| #define HAVE_UT_UT_PID 1
| #define HAVE_UT_UT_ID 1
| #define HAVE_UT_UT_NAME 1
| #define HAVE_UT_UT_TYPE 1
| #define HAVE_UT_UT_USER 1
| #define HAVE_UT_UT_TIME 1
| #define HAVE_PTY_H 1
| /* end confdefs.h.  */
| #include <libutil.h>
configure:5577: result: no
configure:5605: checking for libutil.h
configure:5613: result: no
configure:5501: checking ttyent.h usability
configure:5518: gcc -c -Wall -O3 -pipe -I/usr/core/zlib/include  conftest.c >&5
configure:5524: $? = 0
configure:5538: result: yes
configure:5542: checking ttyent.h presence
configure:5557: gcc -E  conftest.c
configure:5563: $? = 0
configure:5577: result: yes
configure:5605: checking for ttyent.h
configure:5613: result: yes
configure:5627: checking for openpty in -lutil
configure:5662: gcc -o conftest -Wall -O3 -pipe -I/usr/core/zlib/include  -L/usr/core/zlib/lib -lm -lz conftest.c -lutil   >&5
configure:5668: $? = 0
configure:5686: result: yes
configure:5690: checking for login_tty in -lutil
configure:5725: gcc -o conftest -Wall -O3 -pipe -I/usr/core/zlib/include  -L/usr/core/zlib/lib -lm -lz conftest.c -lutil   >&5
configure:5731: $? = 0
configure:5749: result: yes
configure:5784: checking for grantpt
configure:5840: gcc -o conftest -Wall -O3 -pipe -I/usr/core/zlib/include  -L/usr/core/zlib/lib -lm -lz conftest.c  >&5
configure:5846: $? = 0
configure:5864: result: yes
configure:5784: checking for utmpxname
configure:5840: gcc -o conftest -Wall -O3 -pipe -I/usr/core/zlib/include  -L/usr/core/zlib/lib -lm -lz conftest.c  >&5
configure:5846: $? = 0
configure:5864: result: yes
configure:5784: checking for utmpname
configure:5840: gcc -o conftest -Wall -O3 -pipe -I/usr/core/zlib/include  -L/usr/core/zlib/lib -lm -lz conftest.c  >&5
configure:5846: $? = 0
configure:5864: result: yes
configure:5784: checking for getutmpx
configure:5840: gcc -o conftest -Wall -O3 -pipe -I/usr/core/zlib/include  -L/usr/core/zlib/lib -lm -lz conftest.c  >&5
configure:5846: $? = 0
configure:5864: result: yes
configure:5784: checking for getutent
configure:5840: gcc -o conftest -Wall -O3 -pipe -I/usr/core/zlib/include  -L/usr/core/zlib/lib -lm -lz conftest.c  >&5
configure:5846: $? = 0
configure:5864: result: yes
configure:5784: checking for getttyent
configure:5840: gcc -o conftest -Wall -O3 -pipe -I/usr/core/zlib/include  -L/usr/core/zlib/lib -lm -lz conftest.c  >&5
configure:5846: $? = 0
configure:5864: result: yes
configure:5883: checking for updwtmpx
configure:5939: gcc -o conftest -Wall -O3 -pipe -I/usr/core/zlib/include  -L/usr/core/zlib/lib -lm -lz conftest.c  >&5
configure:5945: $? = 0
configure:5963: result: yes
configure:5883: checking for updwtmp
configure:5939: gcc -o conftest -Wall -O3 -pipe -I/usr/core/zlib/include  -L/usr/core/zlib/lib -lm -lz conftest.c  >&5
configure:5945: $? = 0
configure:5963: result: yes
configure:5883: checking for fcntl
configure:5939: gcc -o conftest -Wall -O3 -pipe -I/usr/core/zlib/include  -L/usr/core/zlib/lib -lm -lz conftest.c  >&5
configure:5945: $? = 0
configure:5963: result: yes
configure:5883: checking for flock
configure:5939: gcc -o conftest -Wall -O3 -pipe -I/usr/core/zlib/include  -L/usr/core/zlib/lib -lm -lz conftest.c  >&5
configure:5945: $? = 0
configure:5963: result: yes
configure:5883: checking for strrchr
configure:5939: gcc -o conftest -Wall -O3 -pipe -I/usr/core/zlib/include  -L/usr/core/zlib/lib -lm -lz conftest.c  >&5
conftest.c:78:6: warning: conflicting types for built-in function 'strrchr' [enabled by default]
configure:5945: $? = 0
configure:5963: result: yes
configure:5883: checking for seteuid
configure:5939: gcc -o conftest -Wall -O3 -pipe -I/usr/core/zlib/include  -L/usr/core/zlib/lib -lm -lz conftest.c  >&5
configure:5945: $? = 0
configure:5963: result: yes
configure:5989: checking stropts.h usability
configure:6006: gcc -c -Wall -O3 -pipe -I/usr/core/zlib/include  conftest.c >&5
configure:6012: $? = 0
configure:6026: result: yes
configure:6030: checking stropts.h presence
configure:6045: gcc -E  conftest.c
configure:6051: $? = 0
configure:6065: result: yes
configure:6093: checking for stropts.h
configure:6101: result: yes
configure:6244: checking for pkg-config
configure:6262: found /usr/bin/pkg-config
configure:6274: result: /usr/bin/pkg-config
configure:6303: checking pkg-config is at least version 0.9.0
configure:6306: result: yes
configure:6317: checking for DIRECTFB
configure:6325: $PKG_CONFIG --exists --print-errors "directfb >= 0.9.14"
configure:6328: $? = 0
configure:6343: $PKG_CONFIG --exists --print-errors "directfb >= 0.9.14"
configure:6346: $? = 0
configure:6422: result: yes
configure:6432: checking for LITE
configure:6440: $PKG_CONFIG --exists --print-errors "lite >= 0.4.2"
configure:6443: $? = 0
configure:6458: $PKG_CONFIG --exists --print-errors "lite >= 0.4.2"
configure:6461: $? = 0
configure:6537: result: yes
configure:6667: creating ./config.status

## ---------------------- ##
## Running config.status. ##
## ---------------------- ##

This file was extended by config.status, which was
generated by GNU Autoconf 2.61.  Invocation command line was

  CONFIG_FILES    = 
  CONFIG_HEADERS  = 
  CONFIG_LINKS    = 
  CONFIG_COMMANDS = 
  $ ./config.status 

on my-linux

config.status:649: creating Makefile
config.status:649: creating src/Makefile
config.status:649: creating config.h
config.status:914: config.h is unchanged
config.status:960: executing depfiles commands

## ---------------- ##
## Cache variables. ##
## ---------------- ##

ac_cv_build=i686-pc-linux-gnu
ac_cv_c_compiler_gnu=yes
ac_cv_env_CC_set=
ac_cv_env_CC_value=
ac_cv_env_CFLAGS_set=set
ac_cv_env_CFLAGS_value=-I/usr/core/zlib/include
ac_cv_env_CPPFLAGS_set=
ac_cv_env_CPPFLAGS_value=
ac_cv_env_CPP_set=
ac_cv_env_CPP_value=
ac_cv_env_DIRECTFB_CFLAGS_set=
ac_cv_env_DIRECTFB_CFLAGS_value=
ac_cv_env_DIRECTFB_LIBS_set=
ac_cv_env_DIRECTFB_LIBS_value=
ac_cv_env_LDFLAGS_set=set
ac_cv_env_LDFLAGS_value='-L/usr/core/zlib/lib -lm -lz'
ac_cv_env_LIBS_set=
ac_cv_env_LIBS_value=
ac_cv_env_LITE_CFLAGS_set=
ac_cv_env_LITE_CFLAGS_value=
ac_cv_env_LITE_LIBS_set=
ac_cv_env_LITE_LIBS_value=
ac_cv_env_PKG_CONFIG_set=
ac_cv_env_PKG_CONFIG_value=
ac_cv_env_build_alias_set=
ac_cv_env_build_alias_value=
ac_cv_env_host_alias_set=
ac_cv_env_host_alias_value=
ac_cv_env_target_alias_set=
ac_cv_env_target_alias_value=
ac_cv_func_fcntl=yes
ac_cv_func_flock=yes
ac_cv_func_getttyent=yes
ac_cv_func_getutent=yes
ac_cv_func_getutmpx=yes
ac_cv_func_grantpt=yes
ac_cv_func_seteuid=yes
ac_cv_func_strrchr=yes
ac_cv_func_updwtmp=yes
ac_cv_func_updwtmpx=yes
ac_cv_func_utmpname=yes
ac_cv_func_utmpxname=yes
ac_cv_header_inttypes_h=yes
ac_cv_header_libutil_h=no
ac_cv_header_memory_h=yes
ac_cv_header_paths_h=yes
ac_cv_header_pty_h=yes
ac_cv_header_stdbool_h=yes
ac_cv_header_stdc=yes
ac_cv_header_stdint_h=yes
ac_cv_header_stdlib_h=yes
ac_cv_header_string_h=yes
ac_cv_header_strings_h=yes
ac_cv_header_stropts_h=yes
ac_cv_header_sys_fsuid_h=yes
ac_cv_header_sys_select_h=yes
ac_cv_header_sys_stat_h=yes
ac_cv_header_sys_syslimits_h=no
ac_cv_header_sys_time_h=yes
ac_cv_header_sys_types_h=yes
ac_cv_header_sys_un_h=yes
ac_cv_header_time=yes
ac_cv_header_ttyent_h=yes
ac_cv_header_unistd_h=yes
ac_cv_header_util_h=no
ac_cv_header_utmp_h=yes
ac_cv_header_utmpx_h=yes
ac_cv_host=i686-pc-linux-gnu
ac_cv_lib_util_login_tty=yes
ac_cv_lib_util_openpty=yes
ac_cv_objext=o
ac_cv_path_EGREP='/bin/grep -E'
ac_cv_path_GREP=/bin/grep
ac_cv_path_ac_pt_PKG_CONFIG=/usr/bin/pkg-config
ac_cv_path_install='/usr/bin/install -c'
ac_cv_prog_AWK=mawk
ac_cv_prog_CPP='gcc -E'
ac_cv_prog_ac_ct_CC=gcc
ac_cv_prog_cc_c89=
ac_cv_prog_cc_g=yes
ac_cv_prog_make_make_set=yes
am_cv_CC_dependencies_compiler_type=gcc3
pkg_cv_DIRECTFB_CFLAGS='-D_REENTRANT -I/usr/core/dfb-core/include/directfb  '
pkg_cv_DIRECTFB_LIBS='-L/usr/core/dfb-core/lib -ldirectfb -lfusion -ldirect -lpthread  '
pkg_cv_LITE_CFLAGS='-D_REENTRANT -DLITEFONTDIR=\"/usr/core/dfb-lite/share/fonts/truetype\" -I/usr/core/dfb-core/include/directfb -I/usr/core/dfb-lite/include  '
pkg_cv_LITE_LIBS='-L/usr/core/dfb-core/lib -L/usr/core/dfb-lite/lib -llite -ldirectfb -lfusion -ldirect -lpthread  '

## ----------------- ##
## Output variables. ##
## ----------------- ##

ACLOCAL='aclocal-1.9 '
AMDEPBACKSLASH='\'
AMDEP_FALSE='#'
AMDEP_TRUE=''
AMTAR='tar'
AUTOCONF='autoconf'
AUTOHEADER='autoheader'
AUTOMAKE='automake-1.9'
AWK='mawk'
CC='gcc'
CCDEPMODE='depmode=gcc3'
CFLAGS='-Wall -O3 -pipe -I/usr/core/zlib/include -Werror-implicit-function-declaration'
CPP='gcc -E'
CPPFLAGS=''
CYGPATH_W='echo'
DEFS='-DHAVE_CONFIG_H'
DEPDIR='.deps'
DIRECTFB_CFLAGS='-D_REENTRANT -I/usr/core/dfb-core/include/directfb  '
DIRECTFB_LIBS='-L/usr/core/dfb-core/lib -ldirectfb -lfusion -ldirect -lpthread  '
ECHO_C=''
ECHO_N='-n'
ECHO_T=''
EGREP='/bin/grep -E'
EXEEXT=''
GREP='/bin/grep'
INSTALL_DATA='${INSTALL} -m 644'
INSTALL_PROGRAM='${INSTALL}'
INSTALL_SCRIPT='${INSTALL}'
INSTALL_STRIP_PROGRAM='${SHELL} $(install_sh) -c -s'
LDFLAGS='-L/usr/core/zlib/lib -lm -lz'
LIBOBJS=''
LIBS=''
LITE_CFLAGS='-D_REENTRANT -DLITEFONTDIR=\"/usr/core/dfb-lite/share/fonts/truetype\" -I/usr/core/dfb-core/include/directfb -I/usr/core/dfb-lite/include  '
LITE_LIBS='-L/usr/core/dfb-core/lib -L/usr/core/dfb-lite/lib -llite -ldirectfb -lfusion -ldirect -lpthread  '
LTLIBOBJS=''
MAINT='#'
MAINTAINER_MODE_FALSE=''
MAINTAINER_MODE_TRUE='#'
MAKEINFO='makeinfo'
OBJEXT='o'
PACKAGE='DFBTerm'
PACKAGE_BUGREPORT=''
PACKAGE_NAME=''
PACKAGE_STRING=''
PACKAGE_TARNAME=''
PACKAGE_VERSION=''
PATH_SEPARATOR=':'
PKG_CONFIG='/usr/bin/pkg-config'
SET_MAKE=''
SHELL='/bin/bash'
STRIP=''
UTIL_LIBS='-lutil'
VERSION='0.8.15'
ac_ct_CC='gcc'
am__fastdepCC_FALSE='#'
am__fastdepCC_TRUE=''
am__include='include'
am__leading_dot='.'
am__quote=''
am__tar='${AMTAR} chof - "$$tardir"'
am__untar='${AMTAR} xf -'
bindir='${exec_prefix}/bin'
build='i686-pc-linux-gnu'
build_alias=''
build_cpu='i686'
build_os='linux-gnu'
build_vendor='pc'
datadir='${datarootdir}'
datarootdir='${prefix}/share'
docdir='${datarootdir}/doc/${PACKAGE}'
dvidir='${docdir}'
exec_prefix='${prefix}'
host='i686-pc-linux-gnu'
host_alias=''
host_cpu='i686'
host_os='linux-gnu'
host_vendor='pc'
htmldir='${docdir}'
includedir='${prefix}/include'
infodir='${datarootdir}/info'
install_sh='/home/my-linux/directfb/DFBTerm-0.8.15/install-sh'
libdir='${exec_prefix}/lib'
libexecdir='${exec_prefix}/libexec'
localedir='${datarootdir}/locale'
localstatedir='${prefix}/var'
mandir='${datarootdir}/man'
mkdir_p='mkdir -p --'
oldincludedir='/usr/include'
pdfdir='${docdir}'
prefix='/usr/core/dfb-term'
program_transform_name='s,x,x,'
psdir='${docdir}'
sbindir='${exec_prefix}/sbin'
sharedstatedir='${prefix}/com'
sysconfdir='${prefix}/etc'
target_alias=''

## ----------- ##
## confdefs.h. ##
## ----------- ##

#define PACKAGE_NAME ""
#define PACKAGE_TARNAME ""
#define PACKAGE_VERSION ""
#define PACKAGE_STRING ""
#define PACKAGE_BUGREPORT ""
#define PACKAGE "DFBTerm"
#define VERSION "0.8.15"
#define STDC_HEADERS 1
#define HAVE_SYS_TYPES_H 1
#define HAVE_SYS_STAT_H 1
#define HAVE_STDLIB_H 1
#define HAVE_STRING_H 1
#define HAVE_MEMORY_H 1
#define HAVE_STRINGS_H 1
#define HAVE_INTTYPES_H 1
#define HAVE_STDINT_H 1
#define HAVE_UNISTD_H 1
#define HAVE_STDBOOL_H 1
#define HAVE_STDBOOL_H 1
#define HAVE_SYS_SELECT_H 1
#define HAVE_SYS_TIME_H 1
#define HAVE_SYS_UN_H 1
#define HAVE_PATHS_H 1
#define HAVE_SYS_FSUID_H 1
#define HAVE_SENDMSG 1
#define HAVE_SYS_TIME_H 1
#define HAVE_UTMP_H 1
#define HAVE_UTMPX_H 1
#define TIME_WITH_SYS_TIME 1
#define UTMP struct utmpx
#define HAVE_UT_UT_HOST 1
#define HAVE_UT_UT_PID 1
#define HAVE_UT_UT_ID 1
#define HAVE_UT_UT_NAME 1
#define HAVE_UT_UT_TYPE 1
#define HAVE_UT_UT_USER 1
#define HAVE_UT_UT_TIME 1
#define HAVE_PTY_H 1
#define HAVE_TTYENT_H 1
#define HAVE_LOGIN_TTY 1
#define HAVE_OPENPTY 1
#define HAVE_LIBUTIL 1
#define HAVE_GRANTPT 1
#define HAVE_UTMPXNAME 1
#define HAVE_UTMPNAME 1
#define HAVE_GETUTMPX 1
#define HAVE_GETUTENT 1
#define HAVE_GETTTYENT 1
#define HAVE_UPDWTMPX 1
#define HAVE_UPDWTMP 1
#define HAVE_FCNTL 1
#define HAVE_FLOCK 1
#define HAVE_STRRCHR 1
#define HAVE_SETEUID 1
#define HAVE_STROPTS_H 1

configure: exit 0
